app/build/intermediates/manifest_merge_blame_file/debug/manifest-merger-blame-debug-report.txt
1<?xml version="1.0" encoding="utf-8"?>
2<manifest xmlns:android="http://schemas.android.com/apk/res/android"
3    package="com.example.test"
4    android:versionCode="1"
5    android:versionName="1.0" >
6
7    <uses-sdk
8        android:minSdkVersion="24"
9        android:targetSdkVersion="34" />
10
11    <!-- Include required permissions for Google Maps API to run. -->
12    <uses-permission android:name="android.permission.ACCESS_NETWORK_STATE" />
12-->[com.google.android.gms:play-services-maps:18.2.0] AndroidManifest.xml:23:5-79
12-->[com.google.android.gms:play-services-maps:18.2.0] AndroidManifest.xml:23:22-76
13    <uses-permission android:name="android.permission.INTERNET" />
13-->[com.google.android.gms:play-services-maps:18.2.0] AndroidManifest.xml:24:5-67
13-->[com.google.android.gms:play-services-maps:18.2.0] AndroidManifest.xml:24:22-64
14
15    <uses-feature
15-->[com.google.android.gms:play-services-maps:18.2.0] AndroidManifest.xml:26:5-28:35
16        android:glEsVersion="0x00020000"
16-->[com.google.android.gms:play-services-maps:18.2.0] AndroidManifest.xml:27:9-41
17        android:required="true" />
17-->[com.google.android.gms:play-services-maps:18.2.0] AndroidManifest.xml:28:9-32
18
19    <queries>
19-->[com.google.android.gms:play-services-maps:18.2.0] AndroidManifest.xml:30:5-34:15
20
21        <!-- Needs to be explicitly declared on Android R+ -->
22        <package android:name="com.google.android.apps.maps" />
22-->[com.google.android.gms:play-services-maps:18.2.0] AndroidManifest.xml:33:9-64
22-->[com.google.android.gms:play-services-maps:18.2.0] AndroidManifest.xml:33:18-61
23    </queries>
24
25    <permission
25-->[androidx.core:core:1.9.0] AndroidManifest.xml:22:5-24:47
26        android:name="com.example.test.DYNAMIC_RECEIVER_NOT_EXPORTED_PERMISSION"
26-->[androidx.core:core:1.9.0] AndroidManifest.xml:23:9-81
27        android:protectionLevel="signature" />
27-->[androidx.core:core:1.9.0] AndroidManifest.xml:24:9-44
28
29    <uses-permission android:name="com.example.test.DYNAMIC_RECEIVER_NOT_EXPORTED_PERMISSION" />
29-->[androidx.core:core:1.9.0] AndroidManifest.xml:26:5-97
29-->[androidx.core:core:1.9.0] AndroidManifest.xml:26:22-94
30
31    <application
31-->src\main\AndroidManifest.xml:5:5-33:19
32        android:allowBackup="true"
32-->src\main\AndroidManifest.xml:6:9-35
33        android:appComponentFactory="androidx.core.app.CoreComponentFactory"
33-->[androidx.core:core:1.9.0] AndroidManifest.xml:28:18-86
34        android:dataExtractionRules="@xml/data_extraction_rules"
34-->src\main\AndroidManifest.xml:7:9-65
35        android:debuggable="true"
36        android:extractNativeLibs="false"
37        android:fullBackupContent="@xml/backup_rules"
37-->src\main\AndroidManifest.xml:8:9-54
38        android:icon="@mipmap/ic_launcher"
38-->src\main\AndroidManifest.xml:9:9-43
39        android:label="@string/app_name"
39-->src\main\AndroidManifest.xml:10:9-41
40        android:supportsRtl="true"
40-->src\main\AndroidManifest.xml:11:9-35
41        android:testOnly="true"
42        android:theme="@style/Theme.Design.Light" >
42-->src\main\AndroidManifest.xml:12:9-50
43        <activity
43-->src\main\AndroidManifest.xml:14:9-16:40
44            android:name="com.example.test.AddActivity"
44-->src\main\AndroidManifest.xml:15:13-40
45            android:exported="false" />
45-->src\main\AndroidManifest.xml:16:13-37
46        <activity
46-->src\main\AndroidManifest.xml:17:9-19:40
47            android:name="com.example.test.ListActivity"
47-->src\main\AndroidManifest.xml:18:13-41
48            android:exported="false" />
48-->src\main\AndroidManifest.xml:19:13-37
49        <activity
49-->src\main\AndroidManifest.xml:20:9-22:40
50            android:name="com.example.test.MainActivity"
50-->src\main\AndroidManifest.xml:21:13-41
51            android:exported="false" />
51-->src\main\AndroidManifest.xml:22:13-37
52        <activity android:name="com.example.test.MapsActivity" />
52-->src\main\AndroidManifest.xml:23:9-50
52-->src\main\AndroidManifest.xml:23:19-47
53        <activity
53-->src\main\AndroidManifest.xml:24:9-32:20
54            android:name="com.example.test.StartActivity"
54-->src\main\AndroidManifest.xml:25:13-42
55            android:exported="true" >
55-->src\main\AndroidManifest.xml:26:13-36
56            <intent-filter>
56-->src\main\AndroidManifest.xml:27:13-31:29
57                <action android:name="android.intent.action.MAIN" />
57-->src\main\AndroidManifest.xml:28:17-69
57-->src\main\AndroidManifest.xml:28:25-66
58
59                <category android:name="android.intent.category.LAUNCHER" />
59-->src\main\AndroidManifest.xml:30:17-77
59-->src\main\AndroidManifest.xml:30:27-74
60            </intent-filter>
61        </activity>
62        <!-- Needs to be explicitly declared on P+ -->
63        <uses-library
63-->[com.google.android.gms:play-services-maps:18.2.0] AndroidManifest.xml:39:9-41:40
64            android:name="org.apache.http.legacy"
64-->[com.google.android.gms:play-services-maps:18.2.0] AndroidManifest.xml:40:13-50
65            android:required="false" />
65-->[com.google.android.gms:play-services-maps:18.2.0] AndroidManifest.xml:41:13-37
66
67        <provider
67-->[com.squareup.picasso:picasso:2.8] AndroidManifest.xml:8:9-11:40
68            android:name="com.squareup.picasso.PicassoProvider"
68-->[com.squareup.picasso:picasso:2.8] AndroidManifest.xml:9:13-64
69            android:authorities="com.example.test.com.squareup.picasso"
69-->[com.squareup.picasso:picasso:2.8] AndroidManifest.xml:10:13-72
70            android:exported="false" />
70-->[com.squareup.picasso:picasso:2.8] AndroidManifest.xml:11:13-37
71        <provider
71-->[androidx.emoji2:emoji2:1.2.0] AndroidManifest.xml:24:9-32:20
72            android:name="androidx.startup.InitializationProvider"
72-->[androidx.emoji2:emoji2:1.2.0] AndroidManifest.xml:25:13-67
73            android:authorities="com.example.test.androidx-startup"
73-->[androidx.emoji2:emoji2:1.2.0] AndroidManifest.xml:26:13-68
74            android:exported="false" >
74-->[androidx.emoji2:emoji2:1.2.0] AndroidManifest.xml:27:13-37
75            <meta-data
75-->[androidx.emoji2:emoji2:1.2.0] AndroidManifest.xml:29:13-31:52
76                android:name="androidx.emoji2.text.EmojiCompatInitializer"
76-->[androidx.emoji2:emoji2:1.2.0] AndroidManifest.xml:30:17-75
77                android:value="androidx.startup" />
77-->[androidx.emoji2:emoji2:1.2.0] AndroidManifest.xml:31:17-49
78            <meta-data
78-->[androidx.lifecycle:lifecycle-process:2.6.2] AndroidManifest.xml:29:13-31:52
79                android:name="androidx.lifecycle.ProcessLifecycleInitializer"
79-->[androidx.lifecycle:lifecycle-process:2.6.2] AndroidManifest.xml:30:17-78
80                android:value="androidx.startup" />
80-->[androidx.lifecycle:lifecycle-process:2.6.2] AndroidManifest.xml:31:17-49
81            <meta-data
81-->[androidx.profileinstaller:profileinstaller:1.3.0] AndroidManifest.xml:29:13-31:52
82                android:name="androidx.profileinstaller.ProfileInstallerInitializer"
82-->[androidx.profileinstaller:profileinstaller:1.3.0] AndroidManifest.xml:30:17-85
83                android:value="androidx.startup" />
83-->[androidx.profileinstaller:profileinstaller:1.3.0] AndroidManifest.xml:31:17-49
84        </provider>
85
86        <activity
86-->[com.google.android.gms:play-services-base:18.0.1] AndroidManifest.xml:20:9-22:45
87            android:name="com.google.android.gms.common.api.GoogleApiActivity"
87-->[com.google.android.gms:play-services-base:18.0.1] AndroidManifest.xml:20:19-85
88            android:exported="false"
88-->[com.google.android.gms:play-services-base:18.0.1] AndroidManifest.xml:22:19-43
89            android:theme="@android:style/Theme.Translucent.NoTitleBar" />
89-->[com.google.android.gms:play-services-base:18.0.1] AndroidManifest.xml:21:19-78
90
91        <meta-data
91-->[com.google.android.gms:play-services-basement:18.0.0] AndroidManifest.xml:21:9-23:69
92            android:name="com.google.android.gms.version"
92-->[com.google.android.gms:play-services-basement:18.0.0] AndroidManifest.xml:22:13-58
93            android:value="@integer/google_play_services_version" />
93-->[com.google.android.gms:play-services-basement:18.0.0] AndroidManifest.xml:23:13-66
94
95        <uses-library
95-->[androidx.window:window:1.0.0] AndroidManifest.xml:25:9-27:40
96            android:name="androidx.window.extensions"
96-->[androidx.window:window:1.0.0] AndroidManifest.xml:26:13-54
97            android:required="false" />
97-->[androidx.window:window:1.0.0] AndroidManifest.xml:27:13-37
98        <uses-library
98-->[androidx.window:window:1.0.0] AndroidManifest.xml:28:9-30:40
99            android:name="androidx.window.sidecar"
99-->[androidx.window:window:1.0.0] AndroidManifest.xml:29:13-51
100            android:required="false" />
100-->[androidx.window:window:1.0.0] AndroidManifest.xml:30:13-37
101
102        <receiver
102-->[androidx.profileinstaller:profileinstaller:1.3.0] AndroidManifest.xml:34:9-52:20
103            android:name="androidx.profileinstaller.ProfileInstallReceiver"
103-->[androidx.profileinstaller:profileinstaller:1.3.0] AndroidManifest.xml:35:13-76
104            android:directBootAware="false"
104-->[androidx.profileinstaller:profileinstaller:1.3.0] AndroidManifest.xml:36:13-44
105            android:enabled="true"
105-->[androidx.profileinstaller:profileinstaller:1.3.0] AndroidManifest.xml:37:13-35
106            android:exported="true"
106-->[androidx.profileinstaller:profileinstaller:1.3.0] AndroidManifest.xml:38:13-36
107            android:permission="android.permission.DUMP" >
107-->[androidx.profileinstaller:profileinstaller:1.3.0] AndroidManifest.xml:39:13-57
108            <intent-filter>
108-->[androidx.profileinstaller:profileinstaller:1.3.0] AndroidManifest.xml:40:13-42:29
109                <action android:name="androidx.profileinstaller.action.INSTALL_PROFILE" />
109-->[androidx.profileinstaller:profileinstaller:1.3.0] AndroidManifest.xml:41:17-91
109-->[androidx.profileinstaller:profileinstaller:1.3.0] AndroidManifest.xml:41:25-88
110            </intent-filter>
111            <intent-filter>
111-->[androidx.profileinstaller:profileinstaller:1.3.0] AndroidManifest.xml:43:13-45:29
112                <action android:name="androidx.profileinstaller.action.SKIP_FILE" />
112-->[androidx.profileinstaller:profileinstaller:1.3.0] AndroidManifest.xml:44:17-85
112-->[androidx.profileinstaller:profileinstaller:1.3.0] AndroidManifest.xml:44:25-82
113            </intent-filter>
114            <intent-filter>
114-->[androidx.profileinstaller:profileinstaller:1.3.0] AndroidManifest.xml:46:13-48:29
115                <action android:name="androidx.profileinstaller.action.SAVE_PROFILE" />
115-->[androidx.profileinstaller:profileinstaller:1.3.0] AndroidManifest.xml:47:17-88
115-->[androidx.profileinstaller:profileinstaller:1.3.0] AndroidManifest.xml:47:25-85
116            </intent-filter>
117            <intent-filter>
117-->[androidx.profileinstaller:profileinstaller:1.3.0] AndroidManifest.xml:49:13-51:29
118                <action android:name="androidx.profileinstaller.action.BENCHMARK_OPERATION" />
118-->[androidx.profileinstaller:profileinstaller:1.3.0] AndroidManifest.xml:50:17-95
118-->[androidx.profileinstaller:profileinstaller:1.3.0] AndroidManifest.xml:50:25-92
119            </intent-filter>
120        </receiver>
121    </application>
122
123</manifest>